Microsoft (R) Macro Assembler Version 14.29.30037.0	    06/16/21 12:44:28
main.asm						     Page 1 - 1


				.386
				.model flat, stdcall
				.stack 4096

				ExitProcess PROTO, dwExitCode:DWORD

 00000000			.data
 00000000 00000002		myList DWORD 2, 3, 5, 8
	   00000003
	   00000005
	   00000008

 00000000			.code
 00000000			main PROC
 00000000  B8 00000007		  mov eax, 7
 00000005  83 C0 08		  add eax, 8
				  INVOKE ExitProcess, eax
 0000000E			main ENDP

				END main        ;specify the program's entry point
Microsoft (R) Macro Assembler Version 14.29.30037.0	    06/16/21 12:44:28
main.asm						     Symbols 2 - 1




Segments and Groups:

                N a m e                 Size     Length   Align   Combine Class

FLAT . . . . . . . . . . . . . .	GROUP
STACK  . . . . . . . . . . . . .	32 Bit	 00001000 DWord	  Stack	  'STACK'	 
_DATA  . . . . . . . . . . . . .	32 Bit	 00000010 DWord	  Public  'DATA'	
_TEXT  . . . . . . . . . . . . .	32 Bit	 0000000E DWord	  Public  'CODE'	


Procedures, parameters, and locals:

                N a m e                 Type     Value    Attr

ExitProcess  . . . . . . . . . .	P Near	 00000000 FLAT	Length= 00000000 External STDCALL
main . . . . . . . . . . . . . .	P Near	 00000000 _TEXT	Length= 0000000E Public STDCALL


Symbols:

                N a m e                 Type     Value    Attr

@CodeSize  . . . . . . . . . . .	Number	 00000000h   
@DataSize  . . . . . . . . . . .	Number	 00000000h   
@Interface . . . . . . . . . . .	Number	 00000003h   
@Model . . . . . . . . . . . . .	Number	 00000007h   
@code  . . . . . . . . . . . . .	Text   	 _TEXT
@data  . . . . . . . . . . . . .	Text   	 FLAT
@fardata?  . . . . . . . . . . .	Text   	 FLAT
@fardata . . . . . . . . . . . .	Text   	 FLAT
@stack . . . . . . . . . . . . .	Text   	 FLAT
myList . . . . . . . . . . . . .	DWord	 00000000 _DATA	

	   0 Warnings
	   0 Errors
